[12:30:20.475] [INFO]: Loading config 'startup.json'.
[12:30:26.323] [INFO]: Loaded plugins: almostunified:common, almostunified:neoforge
[12:30:56.192] [WARN]: Reload detected. Reconstructing runtime.
[12:30:56.195] [INFO]: Loading config 'debug.json'.
[12:30:56.200] [INFO]: Loading config 'placeholders.json'.
[12:30:56.207] [INFO]: Loading config 'tags.json'.
[12:30:56.240] [INFO]: [AutoHiding] Hiding 7/8 items for tag '#c:storage_blocks/electrum' -> [chisel_chipped_integration:metal_electrum_bolted, chisel_chipped_integration:metal_electrum_scaffold, chisel_chipped_integration:metal_electrum_caution, chisel_chipped_integration:metal_electrum_industrial_relic, chisel_chipped_integration:metal_electrum_shipping_crate, chisel_chipped_integration:metal_electrum_egregious, chisel_chipped_integration:metal_electrum_thermal]
[12:30:56.241] [INFO]: [AutoHiding] Hiding 2/4 items for tag '#c:ores/emerald' -> [deeperdarker:sculk_stone_emerald_ore, deeperdarker:gloomslate_emerald_ore]
[12:30:56.241] [INFO]: [AutoHiding] Hiding 2/4 items for tag '#c:ores/lapis' -> [deeperdarker:gloomslate_lapis_ore, deeperdarker:sculk_stone_lapis_ore]
[12:30:56.241] [INFO]: [AutoHiding] Hiding 7/8 items for tag '#c:storage_blocks/invar' -> [chisel_chipped_integration:metal_invar_egregious, chisel_chipped_integration:metal_invar_bolted, chisel_chipped_integration:metal_invar_scaffold, chisel_chipped_integration:metal_invar_thermal, chisel_chipped_integration:metal_invar_caution, chisel_chipped_integration:metal_invar_industrial_relic, chisel_chipped_integration:metal_invar_shipping_crate]
[12:30:56.241] [INFO]: [AutoHiding] Hiding 1/2 items for tag '#c:raw_materials/silver' -> [occultism:raw_silver]
[12:30:56.241] [INFO]: [AutoHiding] Hiding 9/10 items for tag '#c:storage_blocks/lapis' -> [chisel_chipped_integration:gem_lapis_zelda, chisel_chipped_integration:gem_lapis_panel, chisel_chipped_integration:gem_lapis_cobble, chisel_chipped_integration:gem_lapis_smooth, chisel_chipped_integration:gem_lapis_wood_framed, chisel_chipped_integration:gem_lapis_tile, chisel_chipped_integration:gem_lapis_masonry, chisel_chipped_integration:gem_lapis_shiny_tile, chisel_chipped_integration:gem_lapis_gold_encrusted]
[12:30:56.241] [INFO]: [AutoHiding] Hiding 1/2 items for tag '#c:dusts/copper' -> [occultism:copper_dust]
[12:30:56.242] [INFO]: [AutoHiding] Hiding 1/2 items for tag '#c:rods/iron' -> [silentgear:iron_rod]
[12:30:56.242] [INFO]: [AutoHiding] Hiding 7/8 items for tag '#c:storage_blocks/bronze' -> [chisel_chipped_integration:metal_bronze_bolted, chisel_chipped_integration:metal_bronze_egregious, chisel_chipped_integration:metal_bronze_scaffold, chisel_chipped_integration:metal_bronze_thermal, chisel_chipped_integration:metal_bronze_caution, chisel_chipped_integration:metal_bronze_industrial_relic, chisel_chipped_integration:metal_bronze_shipping_crate]
[12:30:56.242] [INFO]: [AutoHiding] Hiding 2/4 items for tag '#c:ores/diamond' -> [deeperdarker:sculk_stone_diamond_ore, deeperdarker:gloomslate_diamond_ore]
[12:30:56.242] [INFO]: [AutoHiding] Hiding 8/9 items for tag '#c:storage_blocks/silver' -> [occultism:silver_block, chisel_chipped_integration:metal_silver_egregious, chisel_chipped_integration:metal_silver_scaffold, chisel_chipped_integration:metal_silver_industrial_relic, chisel_chipped_integration:metal_silver_bolted, chisel_chipped_integration:metal_silver_thermal, chisel_chipped_integration:metal_silver_caution, chisel_chipped_integration:metal_silver_shipping_crate]
[12:30:56.242] [INFO]: [AutoHiding] Hiding 2/4 items for tag '#c:ores/copper' -> [deeperdarker:sculk_stone_copper_ore, deeperdarker:gloomslate_copper_ore]
[12:30:56.242] [INFO]: [AutoHiding] Hiding 1/2 items for tag '#c:dusts/gold' -> [occultism:gold_dust]
[12:30:56.242] [INFO]: [AutoHiding] Hiding 2/4 items for tag '#c:ores/iron' -> [deeperdarker:gloomslate_iron_ore, deeperdarker:sculk_stone_iron_ore]
[12:30:56.242] [INFO]: [AutoHiding] Hiding 2/5 items for tag '#c:ores/gold' -> [deeperdarker:gloomslate_gold_ore, deeperdarker:sculk_stone_gold_ore]
[12:30:56.242] [INFO]: [AutoHiding] Hiding 7/8 items for tag '#c:storage_blocks/iron' -> [chisel_chipped_integration:metal_iron_bolted, chisel_chipped_integration:metal_iron_caution, chisel_chipped_integration:metal_iron_thermal, chisel_chipped_integration:metal_iron_egregious, chisel_chipped_integration:metal_iron_scaffold, chisel_chipped_integration:metal_iron_shipping_crate, chisel_chipped_integration:metal_iron_industrial_relic]
[12:30:56.242] [INFO]: [AutoHiding] Hiding 7/8 items for tag '#c:storage_blocks/copper' -> [chisel_chipped_integration:metal_copper_bolted, chisel_chipped_integration:metal_copper_egregious, chisel_chipped_integration:metal_copper_shipping_crate, chisel_chipped_integration:metal_copper_thermal, chisel_chipped_integration:metal_copper_scaffold, chisel_chipped_integration:metal_copper_industrial_relic, chisel_chipped_integration:metal_copper_caution]
[12:30:56.243] [INFO]: [AutoHiding] Hiding 1/2 items for tag '#c:dusts/lapis' -> [occultism:lapis_dust]
[12:30:56.243] [INFO]: [AutoHiding] Hiding 7/8 items for tag '#c:storage_blocks/aluminum' -> [chisel_chipped_integration:metal_aluminum_caution, chisel_chipped_integration:metal_aluminum_egregious, chisel_chipped_integration:metal_aluminum_shipping_crate, chisel_chipped_integration:metal_aluminum_industrial_relic, chisel_chipped_integration:metal_aluminum_scaffold, chisel_chipped_integration:metal_aluminum_thermal, chisel_chipped_integration:metal_aluminum_bolted]
[12:30:56.243] [INFO]: [AutoHiding] Hiding 7/8 items for tag '#c:storage_blocks/steel' -> [chisel_chipped_integration:metal_steel_shipping_crate, chisel_chipped_integration:metal_steel_thermal, chisel_chipped_integration:metal_steel_industrial_relic, chisel_chipped_integration:metal_steel_scaffold, chisel_chipped_integration:metal_steel_bolted, chisel_chipped_integration:metal_steel_egregious, chisel_chipped_integration:metal_steel_caution]
[12:30:56.243] [INFO]: [AutoHiding] Hiding 1/2 items for tag '#c:ingots/silver' -> [occultism:silver_ingot]
[12:30:56.243] [INFO]: [AutoHiding] Hiding 7/8 items for tag '#c:storage_blocks/uranium' -> [chisel_chipped_integration:metal_uranium_thermal, chisel_chipped_integration:metal_uranium_bolted, chisel_chipped_integration:metal_uranium_caution, chisel_chipped_integration:metal_uranium_egregious, chisel_chipped_integration:metal_uranium_industrial_relic, chisel_chipped_integration:metal_uranium_scaffold, chisel_chipped_integration:metal_uranium_shipping_crate]
[12:30:56.243] [INFO]: [AutoHiding] Hiding 14/15 items for tag '#c:storage_blocks/emerald' -> [chisel_chipped_integration:gem_emerald_bismuth, chisel_chipped_integration:gem_emerald_gold_encrusted, chisel_chipped_integration:gem_emerald_zelda, chisel_chipped_integration:gem_emerald_cell, chisel_chipped_integration:gem_emerald_tile, chisel_chipped_integration:gem_emerald_prism, chisel_chipped_integration:gem_emerald_circular, chisel_chipped_integration:gem_emerald_ornate, chisel_chipped_integration:gem_emerald_ornate_tiles, chisel_chipped_integration:gem_emerald_cobble, chisel_chipped_integration:gem_emerald_panel, chisel_chipped_integration:gem_emerald_tiles, chisel_chipped_integration:gem_emerald_smooth, chisel_chipped_integration:gem_emerald_masonry]
[12:30:56.243] [INFO]: [AutoHiding] Hiding 2/3 items for tag '#c:dusts/emerald' -> [occultism:emerald_dust, appflux:emerald_dust]
[12:30:56.244] [INFO]: [AutoHiding] Hiding 7/8 items for tag '#c:storage_blocks/tin' -> [chisel_chipped_integration:metal_tin_egregious, chisel_chipped_integration:metal_tin_shipping_crate, chisel_chipped_integration:metal_tin_industrial_relic, chisel_chipped_integration:metal_tin_thermal, chisel_chipped_integration:metal_tin_bolted, chisel_chipped_integration:metal_tin_scaffold, chisel_chipped_integration:metal_tin_caution]
[12:30:56.244] [INFO]: [AutoHiding] Hiding 12/13 items for tag '#c:storage_blocks/diamond' -> [chisel_chipped_integration:gem_diamond_space, chisel_chipped_integration:gem_diamond_cells, chisel_chipped_integration:gem_diamond_embossed, chisel_chipped_integration:gem_diamond_simple, chisel_chipped_integration:gem_diamond_bismuth, chisel_chipped_integration:gem_diamond_gem, chisel_chipped_integration:gem_diamond_tiles, chisel_chipped_integration:gem_diamond_crushed, chisel_chipped_integration:gem_diamond_zelda, chisel_chipped_integration:gem_diamond_purple_space, chisel_chipped_integration:gem_diamond_gold_encrusted, chisel_chipped_integration:gem_diamond_ornate_tiles]
[12:30:56.244] [INFO]: [AutoHiding] Hiding 1/2 items for tag '#c:ingots/bronze' -> [silentgear:bronze_ingot]
[12:30:56.244] [INFO]: [AutoHiding] Hiding 1/2 items for tag '#c:dusts/iron' -> [occultism:iron_dust]
[12:30:56.244] [INFO]: [AutoHiding] Hiding 1/2 items for tag '#c:dusts/diamond' -> [appflux:diamond_dust]
[12:30:56.244] [INFO]: [AutoHiding] Hiding 7/8 items for tag '#c:storage_blocks/platinum' -> [chisel_chipped_integration:metal_platinum_caution, chisel_chipped_integration:metal_platinum_scaffold, chisel_chipped_integration:metal_platinum_industrial_relic, chisel_chipped_integration:metal_platinum_thermal, chisel_chipped_integration:metal_platinum_egregious, chisel_chipped_integration:metal_platinum_bolted, chisel_chipped_integration:metal_platinum_shipping_crate]
[12:30:56.244] [INFO]: [AutoHiding] Hiding 7/8 items for tag '#c:storage_blocks/nickel' -> [chisel_chipped_integration:metal_nickel_shipping_crate, chisel_chipped_integration:metal_nickel_egregious, chisel_chipped_integration:metal_nickel_scaffold, chisel_chipped_integration:metal_nickel_thermal, chisel_chipped_integration:metal_nickel_industrial_relic, chisel_chipped_integration:metal_nickel_caution, chisel_chipped_integration:metal_nickel_bolted]
[12:30:56.245] [INFO]: [AutoHiding] Hiding 7/8 items for tag '#c:storage_blocks/gold' -> [chisel_chipped_integration:metal_gold_caution, chisel_chipped_integration:metal_gold_egregious, chisel_chipped_integration:metal_gold_scaffold, chisel_chipped_integration:metal_gold_bolted, chisel_chipped_integration:metal_gold_industrial_relic, chisel_chipped_integration:metal_gold_thermal, chisel_chipped_integration:metal_gold_shipping_crate]
[12:30:56.245] [INFO]: [AutoHiding] Hiding 7/8 items for tag '#c:storage_blocks/lead' -> [chisel_chipped_integration:metal_lead_industrial_relic, chisel_chipped_integration:metal_lead_shipping_crate, chisel_chipped_integration:metal_lead_caution, chisel_chipped_integration:metal_lead_scaffold, chisel_chipped_integration:metal_lead_bolted, chisel_chipped_integration:metal_lead_egregious, chisel_chipped_integration:metal_lead_thermal]
[12:30:56.245] [INFO]: [AutoHiding] Hiding 1/2 items for tag '#c:storage_blocks/raw_silver' -> [occultism:raw_silver_block]
[12:30:56.245] [INFO]: [AutoHiding] Hiding 1/2 items for tag '#c:dusts/silver' -> [occultism:silver_dust]
[12:30:56.245] [INFO]: [AutoHiding] Hiding 1/2 items for tag '#c:nuggets/silver' -> [occultism:silver_nugget]
[12:30:56.409] [INFO]: Loading config 'duplicates.json'.
[12:30:56.412] [INFO]: Recipe count: 16715
[12:30:56.415] [WARN]: Could not detect recipe type for recipe 'mysticalagriculture:supremium_essence', skipping.
[12:30:56.416] [WARN]: Could not detect recipe type for recipe 'mysticalagriculture:prudentium_essence', skipping.
[12:30:56.420] [WARN]: Could not detect recipe type for recipe 'mysticalagriculture:tertium_essence', skipping.
[12:30:56.421] [WARN]: Could not detect recipe type for recipe 'mysticalagriculture:master_infusion_crystal', skipping.
[12:30:56.423] [WARN]: Could not detect recipe type for recipe 'mysticalagradditions:insanium_essence', skipping.
[12:30:56.425] [WARN]: Could not detect recipe type for recipe 'mysticalagriculture:infusion_crystal', skipping.
[12:30:56.425] [WARN]: Could not detect recipe type for recipe 'mysticalagriculture:imperium_essence', skipping.
[12:30:57.078] [INFO]: Recipe count afterwards: 16665 (done in 665.4 ms)
